# JRE version: Java(TM) SE Runtime Environment (8.0_66-b17) (build 1.8.0_66-b17)
# Java VM: Java HotSpot(TM) Client VM (25.66-b17 mixed mode windows-x86 )
Heap:
 def new generation   total 70464K, used 54382K [0x04600000, 0x09270000, 0x0f0a0000)
  eden space 62656K,  86% used [0x04600000, 0x07ae80e0, 0x08330000)
  from space 7808K,   2% used [0x08ad0000, 0x08b03880, 0x09270000)
  to   space 7808K,   0% used [0x08330000, 0x08330000, 0x08ad0000)
 tenured generation   total 156440K, used 141511K [0x0f0a0000, 0x18966000, 0x24600000)
   the space 156440K,  90% used [0x0f0a0000, 0x17ad1d80, 0x17ad1e00, 0x18966000)
 Metaspace       used 19142K, capacity 19546K, committed 19712K, reserved 19840K
GC Heap History (10 events):
Event: 780512.180 GC heap before
{Heap before GC invocations=28460 (full 4):
 def new generation   total 70464K, used 62867K [0x04600000, 0x09270000, 0x0f0a0000)
  eden space 62656K, 100% used [0x04600000, 0x08330000, 0x08330000)
  from space 7808K,   2% used [0x08330000, 0x08364fa0, 0x08ad0000)
  to   space 7808K,   0% used [0x08ad0000, 0x08ad0000, 0x09270000)
 tenured generation   total 156440K, used 141500K [0x0f0a0000, 0x18966000, 0x24600000)
   the space 156440K,  90% used [0x0f0a0000, 0x17acf1a0, 0x17acf200, 0x18966000)
 Metaspace       used 19142K, capacity 19546K, committed 19712K, reserved 19840K
Event: 780512.184 GC heap after
Heap after GC invocations=28461 (full 4):
 def new generation   total 70464K, used 208K [0x04600000, 0x09270000, 0x0f0a0000)
  eden space 62656K,   0% used [0x04600000, 0x04600000, 0x08330000)
  from space 7808K,   2% used [0x08ad0000, 0x08b04388, 0x09270000)
  to   space 7808K,   0% used [0x08330000, 0x08330000, 0x08ad0000)
 tenured generation   total 156440K, used 141500K [0x0f0a0000, 0x18966000, 0x24600000)
   the space 156440K,  90% used [0x0f0a0000, 0x17acf3e8, 0x17acf400, 0x18966000)
 Metaspace       used 19142K, capacity 19546K, committed 19712K, reserved 19840K
}
Event: 780668.325 GC heap before
{Heap before GC invocations=28461 (full 4):
 def new generation   total 70464K, used 62864K [0x04600000, 0x09270000, 0x0f0a0000)
  eden space 62656K, 100% used [0x04600000, 0x08330000, 0x08330000)
  from space 7808K,   2% used [0x08ad0000, 0x08b04388, 0x09270000)
  to   space 7808K,   0% used [0x08330000, 0x08330000, 0x08ad0000)
 tenured generation   total 156440K, used 141500K [0x0f0a0000, 0x18966000, 0x24600000)
   the space 156440K,  90% used [0x0f0a0000, 0x17acf3e8, 0x17acf400, 0x18966000)
 Metaspace       used 19142K, capacity 19546K, committed 19712K, reserved 19840K
Event: 780668.329 GC heap after
Heap after GC invocations=28462 (full 4):
 def new generation   total 70464K, used 204K [0x04600000, 0x09270000, 0x0f0a0000)
  eden space 62656K,   0% used [0x04600000, 0x04600000, 0x08330000)
  from space 7808K,   2% used [0x08330000, 0x08363228, 0x08ad0000)
  to   space 7808K,   0% used [0x08ad0000, 0x08ad0000, 0x09270000)
 tenured generation   total 156440K, used 141500K [0x0f0a0000, 0x18966000, 0x24600000)
   the space 156440K,  90% used [0x0f0a0000, 0x17acf3e8, 0x17acf400, 0x18966000)
 Metaspace       used 19142K, capacity 19546K, committed 19712K, reserved 19840K
}
Event: 780826.863 GC heap before
{Heap before GC invocations=28462 (full 4):
 def new generation   total 70464K, used 62860K [0x04600000, 0x09270000, 0x0f0a0000)
  eden space 62656K, 100% used [0x04600000, 0x08330000, 0x08330000)
  from space 7808K,   2% used [0x08330000, 0x08363228, 0x08ad0000)
  to   space 7808K,   0% used [0x08ad0000, 0x08ad0000, 0x09270000)
 tenured generation   total 156440K, used 141500K [0x0f0a0000, 0x18966000, 0x24600000)
   the space 156440K,  90% used [0x0f0a0000, 0x17acf3e8, 0x17acf400, 0x18966000)
 Metaspace       used 19142K, capacity 19546K, committed 19712K, reserved 19840K
Event: 780826.867 GC heap after
Heap after GC invocations=28463 (full 4):
 def new generation   total 70464K, used 201K [0x04600000, 0x09270000, 0x0f0a0000)
  eden space 62656K,   0% used [0x04600000, 0x04600000, 0x08330000)
  from space 7808K,   2% used [0x08ad0000, 0x08b02510, 0x09270000)
  to   space 7808K,   0% used [0x08330000, 0x08330000, 0x08ad0000)
 tenured generation   total 156440K, used 141505K [0x0f0a0000, 0x18966000, 0x24600000)
   the space 156440K,  90% used [0x0f0a0000, 0x17ad04d0, 0x17ad0600, 0x18966000)
 Metaspace       used 19142K, capacity 19546K, committed 19712K, reserved 19840K
}
Event: 780985.743 GC heap before
{Heap before GC invocations=28463 (full 4):
 def new generation   total 70464K, used 62857K [0x04600000, 0x09270000, 0x0f0a0000)
  eden space 62656K, 100% used [0x04600000, 0x08330000, 0x08330000)
  from space 7808K,   2% used [0x08ad0000, 0x08b02510, 0x09270000)
  to   space 7808K,   0% used [0x08330000, 0x08330000, 0x08ad0000)
 tenured generation   total 156440K, used 141505K [0x0f0a0000, 0x18966000, 0x24600000)
   the space 156440K,  90% used [0x0f0a0000, 0x17ad04d0, 0x17ad0600, 0x18966000)
 Metaspace       used 19142K, capacity 19546K, committed 19712K, reserved 19840K
Event: 780985.747 GC heap after
Heap after GC invocations=28464 (full 4):
 def new generation   total 70464K, used 199K [0x04600000, 0x09270000, 0x0f0a0000)
  eden space 62656K,   0% used [0x04600000, 0x04600000, 0x08330000)
  from space 7808K,   2% used [0x08330000, 0x08361d60, 0x08ad0000)
  to   space 7808K,   0% used [0x08ad0000, 0x08ad0000, 0x09270000)
 tenured generation   total 156440K, used 141506K [0x0f0a0000, 0x18966000, 0x24600000)
   the space 156440K,  90% used [0x0f0a0000, 0x17ad0bb8, 0x17ad0c00, 0x18966000)
 Metaspace       used 19142K, capacity 19546K, committed 19712K, reserved 19840K
}
Event: 781142.539 GC heap before
{Heap before GC invocations=28464 (full 4):
 def new generation   total 70464K, used 62855K [0x04600000, 0x09270000, 0x0f0a0000)
  eden space 62656K, 100% used [0x04600000, 0x08330000, 0x08330000)
  from space 7808K,   2% used [0x08330000, 0x08361d60, 0x08ad0000)
  to   space 7808K,   0% used [0x08ad0000, 0x08ad0000, 0x09270000)
 tenured generation   total 156440K, used 141506K [0x0f0a0000, 0x18966000, 0x24600000)
   the space 156440K,  90% used [0x0f0a0000, 0x17ad0bb8, 0x17ad0c00, 0x18966000)
 Metaspace       used 19142K, capacity 19546K, committed 19712K, reserved 19840K
Event: 781142.541 GC heap after
Heap after GC invocations=28465 (full 4):
 def new generation   total 70464K, used 206K [0x04600000, 0x09270000, 0x0f0a0000)
  eden space 62656K,   0% used [0x04600000, 0x04600000, 0x08330000)
  from space 7808K,   2% used [0x08ad0000, 0x08b03880, 0x09270000)
  to   space 7808K,   0% used [0x08330000, 0x08330000, 0x08ad0000)
 tenured generation   total 156440K, used 141511K [0x0f0a0000, 0x18966000, 0x24600000)
   the space 156440K,  90% used [0x0f0a0000, 0x17ad1d80, 0x17ad1e00, 0x18966000)
 Metaspace       used 19142K, capacity 19546K, committed 19712K, reserved 19840K
}

